<?xml version="1.0" encoding="UTF-8"?>
<robot generator="Robot 6.1.1 (Python 3.10.12 on linux)" generated="20241114 10:49:35.892" rpa="false" schemaversion="4">
<suite id="s1" name="Register" source="/home/bbsebast/Projects/ohtu-palautus/viikko3/web-login/src/tests/register.robot">
<kw name="Open And Configure Browser" library="resource" type="SETUP">
<if>
<branch type="IF" condition="$BROWSER == 'chrome'">
<kw name="Evaluate" library="BuiltIn">
<var>${options}</var>
<arg>sys.modules['selenium.webdriver'].ChromeOptions()</arg>
<arg>sys</arg>
<doc>Evaluates the given expression in Python and returns the result.</doc>
<msg timestamp="20241114 10:49:36.024" level="INFO">${options} = &lt;selenium.webdriver.chrome.options.Options object at 0x7be8ea06e740&gt;</msg>
<status status="PASS" starttime="20241114 10:49:36.024" endtime="20241114 10:49:36.024"/>
</kw>
<status status="PASS" starttime="20241114 10:49:36.015" endtime="20241114 10:49:36.025"/>
</branch>
<branch type="ELSE IF" condition="$BROWSER == 'firefox'">
<kw name="Evaluate" library="BuiltIn">
<var>${options}</var>
<arg>sys.modules['selenium.webdriver'].FirefoxOptions()</arg>
<arg>sys</arg>
<doc>Evaluates the given expression in Python and returns the result.</doc>
<status status="NOT RUN" starttime="20241114 10:49:36.025" endtime="20241114 10:49:36.025"/>
</kw>
<status status="NOT RUN" starttime="20241114 10:49:36.025" endtime="20241114 10:49:36.025"/>
</branch>
<status status="PASS" starttime="20241114 10:49:36.015" endtime="20241114 10:49:36.025"/>
</if>
<if>
<branch type="IF" condition="$HEADLESS == 'true'">
<kw name="Set Selenium Speed" library="SeleniumLibrary">
<arg>0</arg>
<doc>Sets the delay that is waited after each Selenium command.</doc>
<status status="NOT RUN" starttime="20241114 10:49:36.025" endtime="20241114 10:49:36.025"/>
</kw>
<kw name="Call Method" library="BuiltIn">
<arg>${options}</arg>
<arg>add_argument</arg>
<arg>--headless</arg>
<doc>Calls the named method of the given object with the provided arguments.</doc>
<status status="NOT RUN" starttime="20241114 10:49:36.025" endtime="20241114 10:49:36.025"/>
</kw>
<status status="NOT RUN" starttime="20241114 10:49:36.025" endtime="20241114 10:49:36.025"/>
</branch>
<branch type="ELSE">
<kw name="Set Selenium Speed" library="SeleniumLibrary">
<arg>${DELAY}</arg>
<doc>Sets the delay that is waited after each Selenium command.</doc>
<status status="PASS" starttime="20241114 10:49:36.025" endtime="20241114 10:49:36.025"/>
</kw>
<status status="PASS" starttime="20241114 10:49:36.025" endtime="20241114 10:49:36.025"/>
</branch>
<status status="PASS" starttime="20241114 10:49:36.025" endtime="20241114 10:49:36.025"/>
</if>
<kw name="Open Browser" library="SeleniumLibrary">
<arg>browser=${BROWSER}</arg>
<arg>options=${options}</arg>
<doc>Opens a new browser instance to the optional ``url``.</doc>
<msg timestamp="20241114 10:49:36.025" level="INFO">Opening browser 'chrome' to base url 'None'.</msg>
<msg timestamp="20241114 10:49:36.057" level="WARN">The chromedriver version (130.0.6723.91) detected in PATH at /usr/bin/chromedriver might not be compatible with the detected chrome version (131.0.6778.69); currently, chromedriver 131.0.6778.69 is recommended for chrome 131.*, so it is advised to delete the driver in PATH and retry</msg>
<status status="PASS" starttime="20241114 10:49:36.025" endtime="20241114 10:49:36.370"/>
</kw>
<status status="PASS" starttime="20241114 10:49:36.015" endtime="20241114 10:49:36.370"/>
</kw>
<test id="s1-t1" name="Login After Failed Registration" line="62">
<kw name="Reset Application Create User And Go To Register Page" type="SETUP">
<kw name="Reset Application" library="AppLibrary">
<status status="PASS" starttime="20241114 10:49:36.372" endtime="20241114 10:49:36.376"/>
</kw>
<kw name="Create User" library="AppLibrary">
<arg>kalle</arg>
<arg>kalle123</arg>
<status status="PASS" starttime="20241114 10:49:36.376" endtime="20241114 10:49:36.385"/>
</kw>
<kw name="Go To Register Page" library="resource">
<kw name="Go To" library="SeleniumLibrary">
<arg>${REGISTER_URL}</arg>
<doc>Navigates the current browser window to the provided ``url``.</doc>
<msg timestamp="20241114 10:49:36.385" level="INFO">Opening url 'http://localhost:5001/register'</msg>
<status status="PASS" starttime="20241114 10:49:36.385" endtime="20241114 10:49:36.926"/>
</kw>
<status status="PASS" starttime="20241114 10:49:36.385" endtime="20241114 10:49:36.926"/>
</kw>
<status status="PASS" starttime="20241114 10:49:36.371" endtime="20241114 10:49:36.927"/>
</kw>
<kw name="Set Username">
<arg>abc</arg>
<kw name="Input Text" library="SeleniumLibrary">
<arg>username</arg>
<arg>${username}</arg>
<doc>Types the given ``text`` into the text field identified by ``locator``.</doc>
<msg timestamp="20241114 10:49:36.930" level="INFO">Typing text 'abc' into text field 'username'.</msg>
<status status="PASS" starttime="20241114 10:49:36.928" endtime="20241114 10:49:38.553"/>
</kw>
<status status="PASS" starttime="20241114 10:49:36.927" endtime="20241114 10:49:38.554"/>
</kw>
<kw name="Set Password">
<arg>12345678</arg>
<kw name="Input Password" library="SeleniumLibrary">
<arg>password</arg>
<arg>${password}</arg>
<doc>Types the given password into the text field identified by ``locator``.</doc>
<msg timestamp="20241114 10:49:38.558" level="INFO">Typing password into text field 'password'.</msg>
<msg timestamp="20241114 10:49:39.609" level="INFO">Temporally setting log level to: NONE</msg>
<msg timestamp="20241114 10:49:40.183" level="INFO">Log level changed from NONE to INFO.</msg>
<status status="PASS" starttime="20241114 10:49:38.556" endtime="20241114 10:49:40.184"/>
</kw>
<status status="PASS" starttime="20241114 10:49:38.555" endtime="20241114 10:49:40.184"/>
</kw>
<kw name="Set Confirm Password">
<arg>1234</arg>
<kw name="Input Password" library="SeleniumLibrary">
<arg>password_confirmation</arg>
<arg>${password}</arg>
<doc>Types the given password into the text field identified by ``locator``.</doc>
<msg timestamp="20241114 10:49:40.187" level="INFO">Typing password into text field 'password_confirmation'.</msg>
<msg timestamp="20241114 10:49:41.245" level="INFO">Temporally setting log level to: NONE</msg>
<msg timestamp="20241114 10:49:41.815" level="INFO">Log level changed from NONE to INFO.</msg>
<status status="PASS" starttime="20241114 10:49:40.186" endtime="20241114 10:49:41.816"/>
</kw>
<status status="PASS" starttime="20241114 10:49:40.185" endtime="20241114 10:49:41.816"/>
</kw>
<kw name="Click Button" library="SeleniumLibrary">
<arg>Register</arg>
<doc>Clicks the button identified by ``locator``.</doc>
<msg timestamp="20241114 10:49:41.818" level="INFO">Clicking button 'Register'.</msg>
<status status="PASS" starttime="20241114 10:49:41.817" endtime="20241114 10:49:43.938"/>
</kw>
<kw name="Go To Login Page" library="resource">
<kw name="Go To" library="SeleniumLibrary">
<arg>${LOGIN_URL}</arg>
<doc>Navigates the current browser window to the provided ``url``.</doc>
<msg timestamp="20241114 10:49:43.941" level="INFO">Opening url 'http://localhost:5001/login'</msg>
<status status="PASS" starttime="20241114 10:49:43.940" endtime="20241114 10:49:44.478"/>
</kw>
<status status="PASS" starttime="20241114 10:49:43.939" endtime="20241114 10:49:44.478"/>
</kw>
<kw name="Set Username">
<arg>abc</arg>
<kw name="Input Text" library="SeleniumLibrary">
<arg>username</arg>
<arg>${username}</arg>
<doc>Types the given ``text`` into the text field identified by ``locator``.</doc>
<msg timestamp="20241114 10:49:44.482" level="INFO">Typing text 'abc' into text field 'username'.</msg>
<status status="PASS" starttime="20241114 10:49:44.480" endtime="20241114 10:49:46.095"/>
</kw>
<status status="PASS" starttime="20241114 10:49:44.479" endtime="20241114 10:49:46.096"/>
</kw>
<kw name="Set Password">
<arg>12345678</arg>
<kw name="Input Password" library="SeleniumLibrary">
<arg>password</arg>
<arg>${password}</arg>
<doc>Types the given password into the text field identified by ``locator``.</doc>
<msg timestamp="20241114 10:49:46.098" level="INFO">Typing password into text field 'password'.</msg>
<msg timestamp="20241114 10:49:47.139" level="INFO">Temporally setting log level to: NONE</msg>
<msg timestamp="20241114 10:49:47.691" level="INFO">Log level changed from NONE to INFO.</msg>
<status status="PASS" starttime="20241114 10:49:46.097" endtime="20241114 10:49:47.691"/>
</kw>
<status status="PASS" starttime="20241114 10:49:46.096" endtime="20241114 10:49:47.691"/>
</kw>
<kw name="Click Button" library="SeleniumLibrary">
<arg>Login</arg>
<doc>Clicks the button identified by ``locator``.</doc>
<msg timestamp="20241114 10:49:47.694" level="INFO">Clicking button 'Login'.</msg>
<status status="PASS" starttime="20241114 10:49:47.692" endtime="20241114 10:49:49.799"/>
</kw>
<kw name="Login Should Fail With Message">
<arg>Invalid username or password</arg>
<kw name="Login Page Should Be Open" library="resource">
<kw name="Title Should Be" library="SeleniumLibrary">
<arg>Login</arg>
<doc>Verifies that the current page title equals ``title``.</doc>
<msg timestamp="20241114 10:49:50.314" level="INFO">Page title is 'Login'.</msg>
<status status="PASS" starttime="20241114 10:49:49.802" endtime="20241114 10:49:50.315"/>
</kw>
<status status="PASS" starttime="20241114 10:49:49.801" endtime="20241114 10:49:50.315"/>
</kw>
<kw name="Page Should Contain" library="SeleniumLibrary">
<arg>${message}</arg>
<doc>Verifies that current page contains ``text``.</doc>
<msg timestamp="20241114 10:49:51.347" level="INFO">Current page contains text 'Invalid username or password'.</msg>
<status status="PASS" starttime="20241114 10:49:50.316" endtime="20241114 10:49:51.348"/>
</kw>
<status status="PASS" starttime="20241114 10:49:49.800" endtime="20241114 10:49:51.348"/>
</kw>
<status status="PASS" starttime="20241114 10:49:36.371" endtime="20241114 10:49:51.349"/>
</test>
<kw name="Close Browser" library="SeleniumLibrary" type="TEARDOWN">
<doc>Closes the current browser.</doc>
<status status="PASS" starttime="20241114 10:49:51.351" endtime="20241114 10:49:51.914"/>
</kw>
<status status="PASS" starttime="20241114 10:49:35.892" endtime="20241114 10:49:51.914"/>
</suite>
<statistics>
<total>
<stat pass="1" fail="0" skip="0">All Tests</stat>
</total>
<tag>
</tag>
<suite>
<stat pass="1" fail="0" skip="0" id="s1" name="Register">Register</stat>
</suite>
</statistics>
<errors>
<msg timestamp="20241114 10:49:36.057" level="WARN">The chromedriver version (130.0.6723.91) detected in PATH at /usr/bin/chromedriver might not be compatible with the detected chrome version (131.0.6778.69); currently, chromedriver 131.0.6778.69 is recommended for chrome 131.*, so it is advised to delete the driver in PATH and retry</msg>
</errors>
</robot>
